mars 19, 2014 2:58:09 PM org.apache.catalina.core.AprLifecycleListener init
Infos: The Apache Tomcat Native library which allows optimal performance in production environments was not found on the java.library.path: /usr/java/packages/lib/amd64:/usr/lib/x86_64-linux-gnu/jni:/lib/x86_64-linux-gnu:/usr/lib/x86_64-linux-gnu:/usr/lib/jni:/lib:/usr/lib
mars 19, 2014 2:58:09 PM org.apache.coyote.http11.Http11Protocol init
Infos: Initialisation de Coyote HTTP/1.1 sur http-8080
mars 19, 2014 2:58:09 PM org.apache.catalina.startup.Catalina load
Infos: Initialization processed in 595 ms
mars 19, 2014 2:58:09 PM org.apache.catalina.core.StandardService start
Infos: Démarrage du service Catalina
mars 19, 2014 2:58:09 PM org.apache.catalina.core.StandardEngine start
Infos: Starting Servlet Engine: Apache Tomcat/6.0.14
mars 19, 2014 2:58:10 PM org.apache.coyote.http11.Http11Protocol start
Infos: Démarrage de Coyote HTTP/1.1 sur http-8080
mars 19, 2014 2:58:10 PM org.apache.jk.common.ChannelSocket init
Infos: JK: ajp13 listening on /0.0.0.0:8009
mars 19, 2014 2:58:10 PM org.apache.jk.server.JkMain start
Infos: Jk running ID=0 time=0/35  config=null
mars 19, 2014 2:58:10 PM org.apache.catalina.startup.Catalina start
Infos: Server startup in 517 ms
mars 19, 2014 3:37:32 PM org.apache.coyote.http11.Http11Protocol pause
Infos: Suspension de Coyote HTTP/1.1 sur http-8080
mars 19, 2014 3:37:33 PM org.apache.catalina.core.StandardService stop
Infos: Arrêt du service Catalina
mars 19, 2014 3:37:33 PM org.apache.coyote.http11.Http11Protocol destroy
Infos: Arrêt de Coyote HTTP/1.1 sur http-8080
mars 19, 2014 4:52:44 PM org.apache.catalina.core.AprLifecycleListener init
Infos: The Apache Tomcat Native library which allows optimal performance in production environments was not found on the java.library.path: /usr/java/packages/lib/amd64:/usr/lib/x86_64-linux-gnu/jni:/lib/x86_64-linux-gnu:/usr/lib/x86_64-linux-gnu:/usr/lib/jni:/lib:/usr/lib
mars 19, 2014 4:52:44 PM org.apache.coyote.http11.Http11Protocol init
Infos: Initialisation de Coyote HTTP/1.1 sur http-8080
mars 19, 2014 4:52:44 PM org.apache.catalina.startup.Catalina load
Infos: Initialization processed in 575 ms
mars 19, 2014 4:52:44 PM org.apache.catalina.core.StandardService start
Infos: Démarrage du service Catalina
mars 19, 2014 4:52:44 PM org.apache.catalina.core.StandardEngine start
Infos: Starting Servlet Engine: Apache Tomcat/6.0.14
mars 19, 2014 4:52:45 PM org.apache.coyote.http11.Http11Protocol start
Infos: Démarrage de Coyote HTTP/1.1 sur http-8080
mars 19, 2014 4:52:45 PM org.apache.jk.common.ChannelSocket init
Infos: JK: ajp13 listening on /0.0.0.0:8009
mars 19, 2014 4:52:45 PM org.apache.jk.server.JkMain start
Infos: Jk running ID=0 time=0/33  config=null
mars 19, 2014 4:52:45 PM org.apache.catalina.startup.Catalina start
Infos: Server startup in 530 ms
mars 19, 2014 5:31:08 PM org.apache.catalina.core.AprLifecycleListener init
Infos: The Apache Tomcat Native library which allows optimal performance in production environments was not found on the java.library.path: /usr/java/packages/lib/amd64:/usr/lib/x86_64-linux-gnu/jni:/lib/x86_64-linux-gnu:/usr/lib/x86_64-linux-gnu:/usr/lib/jni:/lib:/usr/lib
mars 19, 2014 5:31:08 PM org.apache.coyote.http11.Http11Protocol init
Grave: Erreur à l'initialisation du point de contact
java.net.BindException: Adresse déjà utilisée:8080
	at org.apache.tomcat.util.net.JIoEndpoint.init(JIoEndpoint.java:501)
	at org.apache.coyote.http11.Http11Protocol.init(Http11Protocol.java:177)
	at org.apache.catalina.connector.Connector.initialize(Connector.java:1059)
	at org.apache.catalina.core.StandardService.initialize(StandardService.java:677)
	at org.apache.catalina.core.StandardServer.initialize(StandardServer.java:792)
	at org.apache.catalina.startup.Catalina.load(Catalina.java:518)
	at org.apache.catalina.startup.Catalina.load(Catalina.java:538)
	at sun.reflect.NativeMethodAccessorImpl.invoke0(Native Method)
	at sun.reflect.NativeMethodAccessorImpl.invoke(NativeMethodAccessorImpl.java:57)
	at sun.reflect.DelegatingMethodAccessorImpl.invoke(DelegatingMethodAccessorImpl.java:43)
	at java.lang.reflect.Method.invoke(Method.java:606)
	at org.apache.catalina.startup.Bootstrap.load(Bootstrap.java:260)
	at org.apache.catalina.startup.Bootstrap.main(Bootstrap.java:412)

mars 19, 2014 5:31:08 PM org.apache.catalina.startup.Catalina load
Grave: Catalina.start
LifecycleException:  L'initialisation du gestionnaire de protocole a échoué: java.net.BindException: Adresse déjà utilisée:8080
	at org.apache.catalina.connector.Connector.initialize(Connector.java:1061)
	at org.apache.catalina.core.StandardService.initialize(StandardService.java:677)
	at org.apache.catalina.core.StandardServer.initialize(StandardServer.java:792)
	at org.apache.catalina.startup.Catalina.load(Catalina.java:518)
	at org.apache.catalina.startup.Catalina.load(Catalina.java:538)
	at sun.reflect.NativeMethodAccessorImpl.invoke0(Native Method)
	at sun.reflect.NativeMethodAccessorImpl.invoke(NativeMethodAccessorImpl.java:57)
	at sun.reflect.DelegatingMethodAccessorImpl.invoke(DelegatingMethodAccessorImpl.java:43)
	at java.lang.reflect.Method.invoke(Method.java:606)
	at org.apache.catalina.startup.Bootstrap.load(Bootstrap.java:260)
	at org.apache.catalina.startup.Bootstrap.main(Bootstrap.java:412)

mars 19, 2014 5:31:08 PM org.apache.catalina.startup.Catalina load
Infos: Initialization processed in 567 ms
mars 19, 2014 5:31:08 PM org.apache.catalina.core.StandardService start
Infos: Démarrage du service Catalina
mars 19, 2014 5:31:08 PM org.apache.catalina.core.StandardEngine start
Infos: Starting Servlet Engine: Apache Tomcat/6.0.14
mars 19, 2014 5:31:08 PM org.apache.coyote.http11.Http11Protocol start
Grave: Erreur au démarrage du point de contact
java.net.BindException: Adresse déjà utilisée:8080
	at org.apache.tomcat.util.net.JIoEndpoint.init(JIoEndpoint.java:501)
	at org.apache.tomcat.util.net.JIoEndpoint.start(JIoEndpoint.java:515)
	at org.apache.coyote.http11.Http11Protocol.start(Http11Protocol.java:204)
	at org.apache.catalina.connector.Connector.start(Connector.java:1132)
	at org.apache.catalina.core.StandardService.start(StandardService.java:531)
	at org.apache.catalina.core.StandardServer.start(StandardServer.java:710)
	at org.apache.catalina.startup.Catalina.start(Catalina.java:566)
	at sun.reflect.NativeMethodAccessorImpl.invoke0(Native Method)
	at sun.reflect.NativeMethodAccessorImpl.invoke(NativeMethodAccessorImpl.java:57)
	at sun.reflect.DelegatingMethodAccessorImpl.invoke(DelegatingMethodAccessorImpl.java:43)
	at java.lang.reflect.Method.invoke(Method.java:606)
	at org.apache.catalina.startup.Bootstrap.start(Bootstrap.java:288)
	at org.apache.catalina.startup.Bootstrap.main(Bootstrap.java:413)

mars 19, 2014 5:31:08 PM org.apache.catalina.startup.Catalina start
Grave: Catalina.start: 
LifecycleException:  service.getName(): "Catalina";  Le démarrage du gestionnaire de protocole a échoué: java.net.BindException: Adresse déjà utilisée:8080
	at org.apache.catalina.connector.Connector.start(Connector.java:1139)
	at org.apache.catalina.core.StandardService.start(StandardService.java:531)
	at org.apache.catalina.core.StandardServer.start(StandardServer.java:710)
	at org.apache.catalina.startup.Catalina.start(Catalina.java:566)
	at sun.reflect.NativeMethodAccessorImpl.invoke0(Native Method)
	at sun.reflect.NativeMethodAccessorImpl.invoke(NativeMethodAccessorImpl.java:57)
	at sun.reflect.DelegatingMethodAccessorImpl.invoke(DelegatingMethodAccessorImpl.java:43)
	at java.lang.reflect.Method.invoke(Method.java:606)
	at org.apache.catalina.startup.Bootstrap.start(Bootstrap.java:288)
	at org.apache.catalina.startup.Bootstrap.main(Bootstrap.java:413)

mars 19, 2014 5:31:08 PM org.apache.catalina.startup.Catalina start
Infos: Server startup in 412 ms
mars 19, 2014 5:31:08 PM org.apache.catalina.core.StandardServer await
Grave: StandardServer.await: create[8005]: 
java.net.BindException: Adresse déjà utilisée
	at java.net.PlainSocketImpl.socketBind(Native Method)
	at java.net.AbstractPlainSocketImpl.bind(AbstractPlainSocketImpl.java:376)
	at java.net.ServerSocket.bind(ServerSocket.java:376)
	at java.net.ServerSocket.<init>(ServerSocket.java:237)
	at org.apache.catalina.core.StandardServer.await(StandardServer.java:373)
	at org.apache.catalina.startup.Catalina.await(Catalina.java:630)
	at org.apache.catalina.startup.Catalina.start(Catalina.java:590)
	at sun.reflect.NativeMethodAccessorImpl.invoke0(Native Method)
	at sun.reflect.NativeMethodAccessorImpl.invoke(NativeMethodAccessorImpl.java:57)
	at sun.reflect.DelegatingMethodAccessorImpl.invoke(DelegatingMethodAccessorImpl.java:43)
	at java.lang.reflect.Method.invoke(Method.java:606)
	at org.apache.catalina.startup.Bootstrap.start(Bootstrap.java:288)
	at org.apache.catalina.startup.Bootstrap.main(Bootstrap.java:413)

mars 19, 2014 5:31:08 PM org.apache.coyote.http11.Http11Protocol pause
Infos: Suspension de Coyote HTTP/1.1 sur http-8080
mars 19, 2014 5:31:08 PM org.apache.catalina.connector.Connector pause
Grave: La suspension du gestionnaire de protocole a échouée
java.lang.NullPointerException
	at org.apache.jk.server.JkMain.pause(JkMain.java:679)
	at org.apache.jk.server.JkCoyoteHandler.pause(JkCoyoteHandler.java:153)
	at org.apache.catalina.connector.Connector.pause(Connector.java:1074)
	at org.apache.catalina.core.StandardService.stop(StandardService.java:563)
	at org.apache.catalina.core.StandardServer.stop(StandardServer.java:744)
	at org.apache.catalina.startup.Catalina.stop(Catalina.java:616)
	at org.apache.catalina.startup.Catalina$CatalinaShutdownHook.run(Catalina.java:659)

mars 19, 2014 5:31:09 PM org.apache.catalina.core.StandardService stop
Infos: Arrêt du service Catalina
mars 19, 2014 5:31:09 PM org.apache.catalina.connector.MapperListener destroy
Avertissement: Error unregistering MBeanServerDelegate
java.lang.NullPointerException
	at org.apache.catalina.connector.MapperListener.destroy(MapperListener.java:162)
	at org.apache.catalina.connector.Connector.stop(Connector.java:1180)
	at org.apache.catalina.core.StandardService.stop(StandardService.java:593)
	at org.apache.catalina.core.StandardServer.stop(StandardServer.java:744)
	at org.apache.catalina.startup.Catalina.stop(Catalina.java:616)
	at org.apache.catalina.startup.Catalina$CatalinaShutdownHook.run(Catalina.java:659)

mars 19, 2014 5:31:09 PM org.apache.coyote.http11.Http11Protocol destroy
Infos: Arrêt de Coyote HTTP/1.1 sur http-8080
mars 19, 2014 5:31:09 PM org.apache.catalina.connector.Connector stop
Grave: Le connecteur Coyote n'a pas été démarré
mars 19, 2014 5:31:17 PM org.apache.coyote.http11.Http11Protocol pause
Infos: Suspension de Coyote HTTP/1.1 sur http-8080
mars 19, 2014 5:31:18 PM org.apache.catalina.core.StandardService stop
Infos: Arrêt du service Catalina
mars 19, 2014 5:31:18 PM org.apache.coyote.http11.Http11Protocol destroy
Infos: Arrêt de Coyote HTTP/1.1 sur http-8080
mars 19, 2014 5:31:20 PM org.apache.catalina.core.AprLifecycleListener init
Infos: The Apache Tomcat Native library which allows optimal performance in production environments was not found on the java.library.path: /usr/java/packages/lib/amd64:/usr/lib/x86_64-linux-gnu/jni:/lib/x86_64-linux-gnu:/usr/lib/x86_64-linux-gnu:/usr/lib/jni:/lib:/usr/lib
mars 19, 2014 5:31:20 PM org.apache.coyote.http11.Http11Protocol init
Infos: Initialisation de Coyote HTTP/1.1 sur http-8080
mars 19, 2014 5:31:20 PM org.apache.catalina.startup.Catalina load
Infos: Initialization processed in 543 ms
mars 19, 2014 5:31:20 PM org.apache.catalina.core.StandardService start
Infos: Démarrage du service Catalina
mars 19, 2014 5:31:20 PM org.apache.catalina.core.StandardEngine start
Infos: Starting Servlet Engine: Apache Tomcat/6.0.14
mars 19, 2014 5:31:21 PM org.apache.coyote.http11.Http11Protocol start
Infos: Démarrage de Coyote HTTP/1.1 sur http-8080
mars 19, 2014 5:31:21 PM org.apache.jk.common.ChannelSocket init
Infos: JK: ajp13 listening on /0.0.0.0:8009
mars 19, 2014 5:31:21 PM org.apache.jk.server.JkMain start
Infos: Jk running ID=0 time=0/32  config=null
mars 19, 2014 5:31:21 PM org.apache.catalina.startup.Catalina start
Infos: Server startup in 535 ms
mars 19, 2014 5:32:23 PM org.apache.coyote.http11.Http11Protocol pause
Infos: Suspension de Coyote HTTP/1.1 sur http-8080
mars 19, 2014 5:32:24 PM org.apache.catalina.core.StandardService stop
Infos: Arrêt du service Catalina
mars 19, 2014 5:32:24 PM org.apache.coyote.http11.Http11Protocol destroy
Infos: Arrêt de Coyote HTTP/1.1 sur http-8080
mars 19, 2014 5:32:48 PM org.apache.catalina.core.AprLifecycleListener init
Infos: The Apache Tomcat Native library which allows optimal performance in production environments was not found on the java.library.path: /usr/java/packages/lib/amd64:/usr/lib/x86_64-linux-gnu/jni:/lib/x86_64-linux-gnu:/usr/lib/x86_64-linux-gnu:/usr/lib/jni:/lib:/usr/lib
mars 19, 2014 5:32:48 PM org.apache.coyote.http11.Http11Protocol init
Infos: Initialisation de Coyote HTTP/1.1 sur http-8080
mars 19, 2014 5:32:48 PM org.apache.catalina.startup.Catalina load
Infos: Initialization processed in 546 ms
mars 19, 2014 5:32:49 PM org.apache.catalina.core.StandardService start
Infos: Démarrage du service Catalina
mars 19, 2014 5:32:49 PM org.apache.catalina.core.StandardEngine start
Infos: Starting Servlet Engine: Apache Tomcat/6.0.14
mars 19, 2014 5:32:49 PM org.apache.coyote.http11.Http11Protocol start
Infos: Démarrage de Coyote HTTP/1.1 sur http-8080
mars 19, 2014 5:32:49 PM org.apache.jk.common.ChannelSocket init
Infos: JK: ajp13 listening on /0.0.0.0:8009
mars 19, 2014 5:32:49 PM org.apache.jk.server.JkMain start
Infos: Jk running ID=0 time=0/33  config=null
mars 19, 2014 5:32:49 PM org.apache.catalina.startup.Catalina start
Infos: Server startup in 572 ms
mars 19, 2014 5:33:38 PM org.apache.coyote.http11.Http11Protocol pause
Infos: Suspension de Coyote HTTP/1.1 sur http-8080
mars 19, 2014 5:33:39 PM org.apache.catalina.core.StandardService stop
Infos: Arrêt du service Catalina
mars 19, 2014 5:33:39 PM org.apache.coyote.http11.Http11Protocol destroy
Infos: Arrêt de Coyote HTTP/1.1 sur http-8080
mars 19, 2014 5:34:06 PM org.apache.catalina.core.AprLifecycleListener init
Infos: The Apache Tomcat Native library which allows optimal performance in production environments was not found on the java.library.path: /usr/java/packages/lib/amd64:/usr/lib/x86_64-linux-gnu/jni:/lib/x86_64-linux-gnu:/usr/lib/x86_64-linux-gnu:/usr/lib/jni:/lib:/usr/lib
mars 19, 2014 5:34:06 PM org.apache.coyote.http11.Http11Protocol init
Infos: Initialisation de Coyote HTTP/1.1 sur http-8080
mars 19, 2014 5:34:06 PM org.apache.catalina.startup.Catalina load
Infos: Initialization processed in 620 ms
mars 19, 2014 5:34:06 PM org.apache.catalina.core.StandardService start
Infos: Démarrage du service Catalina
mars 19, 2014 5:34:06 PM org.apache.catalina.core.StandardEngine start
Infos: Starting Servlet Engine: Apache Tomcat/6.0.14
mars 19, 2014 5:34:07 PM org.apache.coyote.http11.Http11Protocol start
Infos: Démarrage de Coyote HTTP/1.1 sur http-8080
mars 19, 2014 5:34:07 PM org.apache.jk.common.ChannelSocket init
Infos: JK: ajp13 listening on /0.0.0.0:8009
mars 19, 2014 5:34:07 PM org.apache.jk.server.JkMain start
Infos: Jk running ID=0 time=0/27  config=null
mars 19, 2014 5:34:07 PM org.apache.catalina.startup.Catalina start
Infos: Server startup in 536 ms
mars 19, 2014 5:35:28 PM org.apache.coyote.http11.Http11Protocol pause
Infos: Suspension de Coyote HTTP/1.1 sur http-8080
mars 19, 2014 5:35:29 PM org.apache.catalina.core.StandardService stop
Infos: Arrêt du service Catalina
mars 19, 2014 5:35:29 PM org.apache.coyote.http11.Http11Protocol destroy
Infos: Arrêt de Coyote HTTP/1.1 sur http-8080
mars 19, 2014 5:35:30 PM org.apache.catalina.core.AprLifecycleListener init
Infos: The Apache Tomcat Native library which allows optimal performance in production environments was not found on the java.library.path: /usr/java/packages/lib/amd64:/usr/lib/x86_64-linux-gnu/jni:/lib/x86_64-linux-gnu:/usr/lib/x86_64-linux-gnu:/usr/lib/jni:/lib:/usr/lib
mars 19, 2014 5:35:30 PM org.apache.coyote.http11.Http11Protocol init
Infos: Initialisation de Coyote HTTP/1.1 sur http-8080
mars 19, 2014 5:35:30 PM org.apache.catalina.startup.Catalina load
Infos: Initialization processed in 557 ms
mars 19, 2014 5:35:30 PM org.apache.catalina.core.StandardService start
Infos: Démarrage du service Catalina
mars 19, 2014 5:35:30 PM org.apache.catalina.core.StandardEngine start
Infos: Starting Servlet Engine: Apache Tomcat/6.0.14
mars 19, 2014 5:35:31 PM org.apache.coyote.http11.Http11Protocol start
Infos: Démarrage de Coyote HTTP/1.1 sur http-8080
mars 19, 2014 5:35:31 PM org.apache.jk.common.ChannelSocket init
Infos: JK: ajp13 listening on /0.0.0.0:8009
mars 19, 2014 5:35:31 PM org.apache.jk.server.JkMain start
Infos: Jk running ID=0 time=0/39  config=null
mars 19, 2014 5:35:31 PM org.apache.catalina.startup.Catalina start
Infos: Server startup in 478 ms
mars 19, 2014 5:36:17 PM org.apache.coyote.http11.Http11Protocol pause
Infos: Suspension de Coyote HTTP/1.1 sur http-8080
mars 19, 2014 5:36:18 PM org.apache.catalina.core.StandardService stop
Infos: Arrêt du service Catalina
mars 19, 2014 5:36:18 PM org.apache.coyote.http11.Http11Protocol destroy
Infos: Arrêt de Coyote HTTP/1.1 sur http-8080
mars 19, 2014 5:36:27 PM org.apache.catalina.core.AprLifecycleListener init
Infos: The Apache Tomcat Native library which allows optimal performance in production environments was not found on the java.library.path: /usr/java/packages/lib/amd64:/usr/lib/x86_64-linux-gnu/jni:/lib/x86_64-linux-gnu:/usr/lib/x86_64-linux-gnu:/usr/lib/jni:/lib:/usr/lib
mars 19, 2014 5:36:27 PM org.apache.coyote.http11.Http11Protocol init
Infos: Initialisation de Coyote HTTP/1.1 sur http-8080
mars 19, 2014 5:36:27 PM org.apache.catalina.startup.Catalina load
Infos: Initialization processed in 596 ms
mars 19, 2014 5:36:27 PM org.apache.catalina.core.StandardService start
Infos: Démarrage du service Catalina
mars 19, 2014 5:36:27 PM org.apache.catalina.core.StandardEngine start
Infos: Starting Servlet Engine: Apache Tomcat/6.0.14
mars 19, 2014 5:36:27 PM org.apache.coyote.http11.Http11Protocol start
Infos: Démarrage de Coyote HTTP/1.1 sur http-8080
mars 19, 2014 5:36:27 PM org.apache.jk.common.ChannelSocket init
Infos: JK: ajp13 listening on /0.0.0.0:8009
mars 19, 2014 5:36:27 PM org.apache.jk.server.JkMain start
Infos: Jk running ID=0 time=1/32  config=null
mars 19, 2014 5:36:27 PM org.apache.catalina.startup.Catalina start
Infos: Server startup in 542 ms
mars 19, 2014 5:38:53 PM org.apache.coyote.http11.Http11Protocol pause
Infos: Suspension de Coyote HTTP/1.1 sur http-8080
mars 19, 2014 5:38:54 PM org.apache.catalina.core.StandardService stop
Infos: Arrêt du service Catalina
mars 19, 2014 5:38:54 PM org.apache.coyote.http11.Http11Protocol destroy
Infos: Arrêt de Coyote HTTP/1.1 sur http-8080
mars 19, 2014 5:39:01 PM org.apache.catalina.core.AprLifecycleListener init
Infos: The Apache Tomcat Native library which allows optimal performance in production environments was not found on the java.library.path: /usr/java/packages/lib/amd64:/usr/lib/x86_64-linux-gnu/jni:/lib/x86_64-linux-gnu:/usr/lib/x86_64-linux-gnu:/usr/lib/jni:/lib:/usr/lib
mars 19, 2014 5:39:01 PM org.apache.coyote.http11.Http11Protocol init
Infos: Initialisation de Coyote HTTP/1.1 sur http-8080
mars 19, 2014 5:39:01 PM org.apache.catalina.startup.Catalina load
Infos: Initialization processed in 550 ms
mars 19, 2014 5:39:01 PM org.apache.catalina.core.StandardService start
Infos: Démarrage du service Catalina
mars 19, 2014 5:39:01 PM org.apache.catalina.core.StandardEngine start
Infos: Starting Servlet Engine: Apache Tomcat/6.0.14
mars 19, 2014 5:39:02 PM org.apache.coyote.http11.Http11Protocol start
Infos: Démarrage de Coyote HTTP/1.1 sur http-8080
mars 19, 2014 5:39:02 PM org.apache.jk.common.ChannelSocket init
Infos: JK: ajp13 listening on /0.0.0.0:8009
mars 19, 2014 5:39:02 PM org.apache.jk.server.JkMain start
Infos: Jk running ID=0 time=0/33  config=null
mars 19, 2014 5:39:02 PM org.apache.catalina.startup.Catalina start
Infos: Server startup in 507 ms
mars 19, 2014 5:40:24 PM org.apache.coyote.http11.Http11Protocol pause
Infos: Suspension de Coyote HTTP/1.1 sur http-8080
mars 19, 2014 5:40:25 PM org.apache.catalina.core.StandardService stop
Infos: Arrêt du service Catalina
mars 19, 2014 5:40:25 PM org.apache.coyote.http11.Http11Protocol destroy
Infos: Arrêt de Coyote HTTP/1.1 sur http-8080
mars 19, 2014 5:40:26 PM org.apache.catalina.core.AprLifecycleListener init
Infos: The Apache Tomcat Native library which allows optimal performance in production environments was not found on the java.library.path: /usr/java/packages/lib/amd64:/usr/lib/x86_64-linux-gnu/jni:/lib/x86_64-linux-gnu:/usr/lib/x86_64-linux-gnu:/usr/lib/jni:/lib:/usr/lib
mars 19, 2014 5:40:26 PM org.apache.coyote.http11.Http11Protocol init
Infos: Initialisation de Coyote HTTP/1.1 sur http-8080
mars 19, 2014 5:40:26 PM org.apache.catalina.startup.Catalina load
Infos: Initialization processed in 603 ms
mars 19, 2014 5:40:26 PM org.apache.catalina.core.StandardService start
Infos: Démarrage du service Catalina
mars 19, 2014 5:40:26 PM org.apache.catalina.core.StandardEngine start
Infos: Starting Servlet Engine: Apache Tomcat/6.0.14
mars 19, 2014 5:40:26 PM org.apache.coyote.http11.Http11Protocol start
Infos: Démarrage de Coyote HTTP/1.1 sur http-8080
mars 19, 2014 5:40:26 PM org.apache.jk.common.ChannelSocket init
Infos: JK: ajp13 listening on /0.0.0.0:8009
mars 19, 2014 5:40:26 PM org.apache.jk.server.JkMain start
Infos: Jk running ID=0 time=0/33  config=null
mars 19, 2014 5:40:26 PM org.apache.catalina.startup.Catalina start
Infos: Server startup in 570 ms
mars 19, 2014 5:42:35 PM org.apache.coyote.http11.Http11Protocol pause
Infos: Suspension de Coyote HTTP/1.1 sur http-8080
mars 19, 2014 5:42:36 PM org.apache.catalina.core.StandardService stop
Infos: Arrêt du service Catalina
mars 19, 2014 5:42:36 PM org.apache.coyote.http11.Http11Protocol destroy
Infos: Arrêt de Coyote HTTP/1.1 sur http-8080
mars 19, 2014 5:42:44 PM org.apache.catalina.core.AprLifecycleListener init
Infos: The Apache Tomcat Native library which allows optimal performance in production environments was not found on the java.library.path: /usr/java/packages/lib/amd64:/usr/lib/x86_64-linux-gnu/jni:/lib/x86_64-linux-gnu:/usr/lib/x86_64-linux-gnu:/usr/lib/jni:/lib:/usr/lib
mars 19, 2014 5:42:44 PM org.apache.coyote.http11.Http11Protocol init
Infos: Initialisation de Coyote HTTP/1.1 sur http-8080
mars 19, 2014 5:42:44 PM org.apache.catalina.startup.Catalina load
Infos: Initialization processed in 589 ms
mars 19, 2014 5:42:44 PM org.apache.catalina.core.StandardService start
Infos: Démarrage du service Catalina
mars 19, 2014 5:42:44 PM org.apache.catalina.core.StandardEngine start
Infos: Starting Servlet Engine: Apache Tomcat/6.0.14
mars 19, 2014 5:42:45 PM org.apache.coyote.http11.Http11Protocol start
Infos: Démarrage de Coyote HTTP/1.1 sur http-8080
mars 19, 2014 5:42:45 PM org.apache.jk.common.ChannelSocket init
Infos: JK: ajp13 listening on /0.0.0.0:8009
mars 19, 2014 5:42:45 PM org.apache.jk.server.JkMain start
Infos: Jk running ID=0 time=0/26  config=null
mars 19, 2014 5:42:45 PM org.apache.catalina.startup.Catalina start
Infos: Server startup in 508 ms
mars 19, 2014 5:44:03 PM org.apache.coyote.http11.Http11Protocol pause
Infos: Suspension de Coyote HTTP/1.1 sur http-8080
mars 19, 2014 5:44:04 PM org.apache.catalina.core.StandardService stop
Infos: Arrêt du service Catalina
mars 19, 2014 5:44:04 PM org.apache.coyote.http11.Http11Protocol destroy
Infos: Arrêt de Coyote HTTP/1.1 sur http-8080
mars 19, 2014 5:44:12 PM org.apache.catalina.core.AprLifecycleListener init
Infos: The Apache Tomcat Native library which allows optimal performance in production environments was not found on the java.library.path: /usr/java/packages/lib/amd64:/usr/lib/x86_64-linux-gnu/jni:/lib/x86_64-linux-gnu:/usr/lib/x86_64-linux-gnu:/usr/lib/jni:/lib:/usr/lib
mars 19, 2014 5:44:12 PM org.apache.coyote.http11.Http11Protocol init
Infos: Initialisation de Coyote HTTP/1.1 sur http-8080
mars 19, 2014 5:44:12 PM org.apache.catalina.startup.Catalina load
Infos: Initialization processed in 577 ms
mars 19, 2014 5:44:12 PM org.apache.catalina.core.StandardService start
Infos: Démarrage du service Catalina
mars 19, 2014 5:44:12 PM org.apache.catalina.core.StandardEngine start
Infos: Starting Servlet Engine: Apache Tomcat/6.0.14
mars 19, 2014 5:44:12 PM org.apache.coyote.http11.Http11Protocol start
Infos: Démarrage de Coyote HTTP/1.1 sur http-8080
mars 19, 2014 5:44:12 PM org.apache.jk.common.ChannelSocket init
Infos: JK: ajp13 listening on /0.0.0.0:8009
mars 19, 2014 5:44:12 PM org.apache.jk.server.JkMain start
Infos: Jk running ID=0 time=0/28  config=null
mars 19, 2014 5:44:12 PM org.apache.catalina.startup.Catalina start
Infos: Server startup in 512 ms
mars 19, 2014 5:47:57 PM org.apache.coyote.http11.Http11Protocol pause
Infos: Suspension de Coyote HTTP/1.1 sur http-8080
mars 19, 2014 5:47:58 PM org.apache.catalina.core.StandardService stop
Infos: Arrêt du service Catalina
mars 19, 2014 5:47:58 PM org.apache.coyote.http11.Http11Protocol destroy
Infos: Arrêt de Coyote HTTP/1.1 sur http-8080
mars 19, 2014 5:48:00 PM org.apache.catalina.core.AprLifecycleListener init
Infos: The Apache Tomcat Native library which allows optimal performance in production environments was not found on the java.library.path: /usr/java/packages/lib/amd64:/usr/lib/x86_64-linux-gnu/jni:/lib/x86_64-linux-gnu:/usr/lib/x86_64-linux-gnu:/usr/lib/jni:/lib:/usr/lib
mars 19, 2014 5:48:00 PM org.apache.coyote.http11.Http11Protocol init
Infos: Initialisation de Coyote HTTP/1.1 sur http-8080
mars 19, 2014 5:48:00 PM org.apache.catalina.startup.Catalina load
Infos: Initialization processed in 579 ms
mars 19, 2014 5:48:00 PM org.apache.catalina.core.StandardService start
Infos: Démarrage du service Catalina
mars 19, 2014 5:48:00 PM org.apache.catalina.core.StandardEngine start
Infos: Starting Servlet Engine: Apache Tomcat/6.0.14
mars 19, 2014 5:48:00 PM org.apache.coyote.http11.Http11Protocol start
Infos: Démarrage de Coyote HTTP/1.1 sur http-8080
mars 19, 2014 5:48:00 PM org.apache.jk.common.ChannelSocket init
Infos: JK: ajp13 listening on /0.0.0.0:8009
mars 19, 2014 5:48:00 PM org.apache.jk.server.JkMain start
Infos: Jk running ID=0 time=0/33  config=null
mars 19, 2014 5:48:00 PM org.apache.catalina.startup.Catalina start
Infos: Server startup in 597 ms
mars 19, 2014 5:50:29 PM org.apache.coyote.http11.Http11Protocol pause
Infos: Suspension de Coyote HTTP/1.1 sur http-8080
mars 19, 2014 5:50:30 PM org.apache.catalina.core.StandardService stop
Infos: Arrêt du service Catalina
mars 19, 2014 5:50:30 PM org.apache.coyote.http11.Http11Protocol destroy
Infos: Arrêt de Coyote HTTP/1.1 sur http-8080
mars 19, 2014 5:50:42 PM org.apache.catalina.core.AprLifecycleListener init
Infos: The Apache Tomcat Native library which allows optimal performance in production environments was not found on the java.library.path: /usr/java/packages/lib/amd64:/usr/lib/x86_64-linux-gnu/jni:/lib/x86_64-linux-gnu:/usr/lib/x86_64-linux-gnu:/usr/lib/jni:/lib:/usr/lib
mars 19, 2014 5:50:42 PM org.apache.coyote.http11.Http11Protocol init
Infos: Initialisation de Coyote HTTP/1.1 sur http-8080
mars 19, 2014 5:50:42 PM org.apache.catalina.startup.Catalina load
Infos: Initialization processed in 562 ms
mars 19, 2014 5:50:42 PM org.apache.catalina.core.StandardService start
Infos: Démarrage du service Catalina
mars 19, 2014 5:50:42 PM org.apache.catalina.core.StandardEngine start
Infos: Starting Servlet Engine: Apache Tomcat/6.0.14
mars 19, 2014 5:50:43 PM org.apache.coyote.http11.Http11Protocol start
Infos: Démarrage de Coyote HTTP/1.1 sur http-8080
mars 19, 2014 5:50:43 PM org.apache.jk.common.ChannelSocket init
Infos: JK: ajp13 listening on /0.0.0.0:8009
mars 19, 2014 5:50:43 PM org.apache.jk.server.JkMain start
Infos: Jk running ID=0 time=0/34  config=null
mars 19, 2014 5:50:43 PM org.apache.catalina.startup.Catalina start
Infos: Server startup in 542 ms
mars 19, 2014 5:51:33 PM org.apache.coyote.http11.Http11Protocol pause
Infos: Suspension de Coyote HTTP/1.1 sur http-8080
mars 19, 2014 5:51:34 PM org.apache.catalina.core.StandardService stop
Infos: Arrêt du service Catalina
mars 19, 2014 5:51:34 PM org.apache.coyote.http11.Http11Protocol destroy
Infos: Arrêt de Coyote HTTP/1.1 sur http-8080
mars 19, 2014 5:51:41 PM org.apache.catalina.core.AprLifecycleListener init
Infos: The Apache Tomcat Native library which allows optimal performance in production environments was not found on the java.library.path: /usr/java/packages/lib/amd64:/usr/lib/x86_64-linux-gnu/jni:/lib/x86_64-linux-gnu:/usr/lib/x86_64-linux-gnu:/usr/lib/jni:/lib:/usr/lib
mars 19, 2014 5:51:41 PM org.apache.coyote.http11.Http11Protocol init
Infos: Initialisation de Coyote HTTP/1.1 sur http-8080
mars 19, 2014 5:51:41 PM org.apache.catalina.startup.Catalina load
Infos: Initialization processed in 604 ms
mars 19, 2014 5:51:41 PM org.apache.catalina.core.StandardService start
Infos: Démarrage du service Catalina
mars 19, 2014 5:51:41 PM org.apache.catalina.core.StandardEngine start
Infos: Starting Servlet Engine: Apache Tomcat/6.0.14
mars 19, 2014 5:51:42 PM org.apache.coyote.http11.Http11Protocol start
Infos: Démarrage de Coyote HTTP/1.1 sur http-8080
mars 19, 2014 5:51:42 PM org.apache.jk.common.ChannelSocket init
Infos: JK: ajp13 listening on /0.0.0.0:8009
mars 19, 2014 5:51:42 PM org.apache.jk.server.JkMain start
Infos: Jk running ID=0 time=0/25  config=null
mars 19, 2014 5:51:42 PM org.apache.catalina.startup.Catalina start
Infos: Server startup in 554 ms
mars 19, 2014 6:40:44 PM org.apache.coyote.http11.Http11Protocol pause
Infos: Suspension de Coyote HTTP/1.1 sur http-8080
mars 19, 2014 6:40:45 PM org.apache.catalina.core.StandardService stop
Infos: Arrêt du service Catalina
mars 19, 2014 6:40:45 PM org.apache.coyote.http11.Http11Protocol destroy
Infos: Arrêt de Coyote HTTP/1.1 sur http-8080
mars 19, 2014 6:40:54 PM org.apache.catalina.core.AprLifecycleListener init
Infos: The Apache Tomcat Native library which allows optimal performance in production environments was not found on the java.library.path: /usr/java/packages/lib/amd64:/usr/lib/x86_64-linux-gnu/jni:/lib/x86_64-linux-gnu:/usr/lib/x86_64-linux-gnu:/usr/lib/jni:/lib:/usr/lib
mars 19, 2014 6:40:54 PM org.apache.coyote.http11.Http11Protocol init
Infos: Initialisation de Coyote HTTP/1.1 sur http-8080
mars 19, 2014 6:40:54 PM org.apache.catalina.startup.Catalina load
Infos: Initialization processed in 564 ms
mars 19, 2014 6:40:54 PM org.apache.catalina.core.StandardService start
Infos: Démarrage du service Catalina
mars 19, 2014 6:40:54 PM org.apache.catalina.core.StandardEngine start
Infos: Starting Servlet Engine: Apache Tomcat/6.0.14
mars 19, 2014 6:40:54 PM org.apache.coyote.http11.Http11Protocol start
Infos: Démarrage de Coyote HTTP/1.1 sur http-8080
mars 19, 2014 6:40:54 PM org.apache.jk.common.ChannelSocket init
Infos: JK: ajp13 listening on /0.0.0.0:8009
mars 19, 2014 6:40:54 PM org.apache.jk.server.JkMain start
Infos: Jk running ID=0 time=0/33  config=null
mars 19, 2014 6:40:54 PM org.apache.catalina.startup.Catalina start
Infos: Server startup in 559 ms
mars 19, 2014 6:55:56 PM org.apache.coyote.http11.Http11Protocol pause
Infos: Suspension de Coyote HTTP/1.1 sur http-8080
mars 19, 2014 6:55:57 PM org.apache.catalina.core.StandardService stop
Infos: Arrêt du service Catalina
mars 19, 2014 6:55:57 PM org.apache.coyote.http11.Http11Protocol destroy
Infos: Arrêt de Coyote HTTP/1.1 sur http-8080
mars 19, 2014 6:56:08 PM org.apache.catalina.core.AprLifecycleListener init
Infos: The Apache Tomcat Native library which allows optimal performance in production environments was not found on the java.library.path: /usr/java/packages/lib/amd64:/usr/lib/x86_64-linux-gnu/jni:/lib/x86_64-linux-gnu:/usr/lib/x86_64-linux-gnu:/usr/lib/jni:/lib:/usr/lib
mars 19, 2014 6:56:09 PM org.apache.coyote.http11.Http11Protocol init
Infos: Initialisation de Coyote HTTP/1.1 sur http-8080
mars 19, 2014 6:56:09 PM org.apache.catalina.startup.Catalina load
Infos: Initialization processed in 606 ms
mars 19, 2014 6:56:09 PM org.apache.catalina.core.StandardService start
Infos: Démarrage du service Catalina
mars 19, 2014 6:56:09 PM org.apache.catalina.core.StandardEngine start
Infos: Starting Servlet Engine: Apache Tomcat/6.0.14
mars 19, 2014 6:56:09 PM org.apache.coyote.http11.Http11Protocol start
Infos: Démarrage de Coyote HTTP/1.1 sur http-8080
mars 19, 2014 6:56:09 PM org.apache.jk.common.ChannelSocket init
Infos: JK: ajp13 listening on /0.0.0.0:8009
mars 19, 2014 6:56:09 PM org.apache.jk.server.JkMain start
Infos: Jk running ID=0 time=0/29  config=null
mars 19, 2014 6:56:09 PM org.apache.catalina.startup.Catalina start
Infos: Server startup in 508 ms
mars 19, 2014 7:01:29 PM org.apache.coyote.http11.Http11Protocol pause
Infos: Suspension de Coyote HTTP/1.1 sur http-8080
mars 19, 2014 7:01:30 PM org.apache.catalina.core.StandardService stop
Infos: Arrêt du service Catalina
mars 19, 2014 7:01:30 PM org.apache.coyote.http11.Http11Protocol destroy
Infos: Arrêt de Coyote HTTP/1.1 sur http-8080
mars 19, 2014 7:01:38 PM org.apache.catalina.core.AprLifecycleListener init
Infos: The Apache Tomcat Native library which allows optimal performance in production environments was not found on the java.library.path: /usr/java/packages/lib/amd64:/usr/lib/x86_64-linux-gnu/jni:/lib/x86_64-linux-gnu:/usr/lib/x86_64-linux-gnu:/usr/lib/jni:/lib:/usr/lib
mars 19, 2014 7:01:38 PM org.apache.coyote.http11.Http11Protocol init
Infos: Initialisation de Coyote HTTP/1.1 sur http-8080
mars 19, 2014 7:01:38 PM org.apache.catalina.startup.Catalina load
Infos: Initialization processed in 600 ms
mars 19, 2014 7:01:38 PM org.apache.catalina.core.StandardService start
Infos: Démarrage du service Catalina
mars 19, 2014 7:01:38 PM org.apache.catalina.core.StandardEngine start
Infos: Starting Servlet Engine: Apache Tomcat/6.0.14
mars 19, 2014 7:01:39 PM org.apache.coyote.http11.Http11Protocol start
Infos: Démarrage de Coyote HTTP/1.1 sur http-8080
mars 19, 2014 7:01:39 PM org.apache.jk.common.ChannelSocket init
Infos: JK: ajp13 listening on /0.0.0.0:8009
mars 19, 2014 7:01:39 PM org.apache.jk.server.JkMain start
Infos: Jk running ID=0 time=0/28  config=null
mars 19, 2014 7:01:39 PM org.apache.catalina.startup.Catalina start
Infos: Server startup in 509 ms
mars 19, 2014 7:08:20 PM org.apache.coyote.http11.Http11Protocol pause
Infos: Suspension de Coyote HTTP/1.1 sur http-8080
mars 19, 2014 7:08:21 PM org.apache.catalina.core.StandardService stop
Infos: Arrêt du service Catalina
mars 19, 2014 7:08:21 PM org.apache.coyote.http11.Http11Protocol destroy
Infos: Arrêt de Coyote HTTP/1.1 sur http-8080
mars 19, 2014 7:08:30 PM org.apache.catalina.core.AprLifecycleListener init
Infos: The Apache Tomcat Native library which allows optimal performance in production environments was not found on the java.library.path: /usr/java/packages/lib/amd64:/usr/lib/x86_64-linux-gnu/jni:/lib/x86_64-linux-gnu:/usr/lib/x86_64-linux-gnu:/usr/lib/jni:/lib:/usr/lib
mars 19, 2014 7:08:30 PM org.apache.coyote.http11.Http11Protocol init
Infos: Initialisation de Coyote HTTP/1.1 sur http-8080
mars 19, 2014 7:08:30 PM org.apache.catalina.startup.Catalina load
Infos: Initialization processed in 552 ms
mars 19, 2014 7:08:30 PM org.apache.catalina.core.StandardService start
Infos: Démarrage du service Catalina
mars 19, 2014 7:08:30 PM org.apache.catalina.core.StandardEngine start
Infos: Starting Servlet Engine: Apache Tomcat/6.0.14
mars 19, 2014 7:08:31 PM org.apache.coyote.http11.Http11Protocol start
Infos: Démarrage de Coyote HTTP/1.1 sur http-8080
mars 19, 2014 7:08:31 PM org.apache.jk.common.ChannelSocket init
Infos: JK: ajp13 listening on /0.0.0.0:8009
mars 19, 2014 7:08:31 PM org.apache.jk.server.JkMain start
Infos: Jk running ID=0 time=0/28  config=null
mars 19, 2014 7:08:31 PM org.apache.catalina.startup.Catalina start
Infos: Server startup in 518 ms
mars 19, 2014 7:11:59 PM org.apache.coyote.http11.Http11Protocol pause
Infos: Suspension de Coyote HTTP/1.1 sur http-8080
mars 19, 2014 7:12:00 PM org.apache.catalina.core.StandardService stop
Infos: Arrêt du service Catalina
mars 19, 2014 7:12:00 PM org.apache.coyote.http11.Http11Protocol destroy
Infos: Arrêt de Coyote HTTP/1.1 sur http-8080
mars 19, 2014 7:12:01 PM org.apache.catalina.core.AprLifecycleListener init
Infos: The Apache Tomcat Native library which allows optimal performance in production environments was not found on the java.library.path: /usr/java/packages/lib/amd64:/usr/lib/x86_64-linux-gnu/jni:/lib/x86_64-linux-gnu:/usr/lib/x86_64-linux-gnu:/usr/lib/jni:/lib:/usr/lib
mars 19, 2014 7:12:01 PM org.apache.coyote.http11.Http11Protocol init
Infos: Initialisation de Coyote HTTP/1.1 sur http-8080
mars 19, 2014 7:12:01 PM org.apache.catalina.startup.Catalina load
Infos: Initialization processed in 660 ms
mars 19, 2014 7:12:01 PM org.apache.catalina.core.StandardService start
Infos: Démarrage du service Catalina
mars 19, 2014 7:12:01 PM org.apache.catalina.core.StandardEngine start
Infos: Starting Servlet Engine: Apache Tomcat/6.0.14
mars 19, 2014 7:12:02 PM org.apache.coyote.http11.Http11Protocol start
Infos: Démarrage de Coyote HTTP/1.1 sur http-8080
mars 19, 2014 7:12:02 PM org.apache.jk.common.ChannelSocket init
Infos: JK: ajp13 listening on /0.0.0.0:8009
mars 19, 2014 7:12:02 PM org.apache.jk.server.JkMain start
Infos: Jk running ID=0 time=0/40  config=null
mars 19, 2014 7:12:02 PM org.apache.catalina.startup.Catalina start
Infos: Server startup in 563 ms
mars 19, 2014 7:13:53 PM org.apache.coyote.http11.Http11Protocol pause
Infos: Suspension de Coyote HTTP/1.1 sur http-8080
mars 19, 2014 7:13:54 PM org.apache.catalina.core.StandardService stop
Infos: Arrêt du service Catalina
mars 19, 2014 7:13:54 PM org.apache.coyote.http11.Http11Protocol destroy
Infos: Arrêt de Coyote HTTP/1.1 sur http-8080
mars 19, 2014 7:14:00 PM org.apache.catalina.core.AprLifecycleListener init
Infos: The Apache Tomcat Native library which allows optimal performance in production environments was not found on the java.library.path: /usr/java/packages/lib/amd64:/usr/lib/x86_64-linux-gnu/jni:/lib/x86_64-linux-gnu:/usr/lib/x86_64-linux-gnu:/usr/lib/jni:/lib:/usr/lib
mars 19, 2014 7:14:00 PM org.apache.coyote.http11.Http11Protocol init
Infos: Initialisation de Coyote HTTP/1.1 sur http-8080
mars 19, 2014 7:14:00 PM org.apache.catalina.startup.Catalina load
Infos: Initialization processed in 612 ms
mars 19, 2014 7:14:00 PM org.apache.catalina.core.StandardService start
Infos: Démarrage du service Catalina
mars 19, 2014 7:14:00 PM org.apache.catalina.core.StandardEngine start
Infos: Starting Servlet Engine: Apache Tomcat/6.0.14
mars 19, 2014 7:14:00 PM org.apache.coyote.http11.Http11Protocol start
Infos: Démarrage de Coyote HTTP/1.1 sur http-8080
mars 19, 2014 7:14:00 PM org.apache.jk.common.ChannelSocket init
Infos: JK: ajp13 listening on /0.0.0.0:8009
mars 19, 2014 7:14:00 PM org.apache.jk.server.JkMain start
Infos: Jk running ID=0 time=0/31  config=null
mars 19, 2014 7:14:00 PM org.apache.catalina.startup.Catalina start
Infos: Server startup in 575 ms
mars 19, 2014 7:16:04 PM org.apache.coyote.http11.Http11Protocol pause
Infos: Suspension de Coyote HTTP/1.1 sur http-8080
mars 19, 2014 7:16:05 PM org.apache.catalina.core.StandardService stop
Infos: Arrêt du service Catalina
mars 19, 2014 7:16:05 PM org.apache.coyote.http11.Http11Protocol destroy
Infos: Arrêt de Coyote HTTP/1.1 sur http-8080
mars 19, 2014 7:16:06 PM org.apache.catalina.core.AprLifecycleListener init
Infos: The Apache Tomcat Native library which allows optimal performance in production environments was not found on the java.library.path: /usr/java/packages/lib/amd64:/usr/lib/x86_64-linux-gnu/jni:/lib/x86_64-linux-gnu:/usr/lib/x86_64-linux-gnu:/usr/lib/jni:/lib:/usr/lib
mars 19, 2014 7:16:06 PM org.apache.coyote.http11.Http11Protocol init
Infos: Initialisation de Coyote HTTP/1.1 sur http-8080
mars 19, 2014 7:16:06 PM org.apache.catalina.startup.Catalina load
Infos: Initialization processed in 619 ms
mars 19, 2014 7:16:06 PM org.apache.catalina.core.StandardService start
Infos: Démarrage du service Catalina
mars 19, 2014 7:16:06 PM org.apache.catalina.core.StandardEngine start
Infos: Starting Servlet Engine: Apache Tomcat/6.0.14
mars 19, 2014 7:16:07 PM org.apache.coyote.http11.Http11Protocol start
Infos: Démarrage de Coyote HTTP/1.1 sur http-8080
mars 19, 2014 7:16:07 PM org.apache.jk.common.ChannelSocket init
Infos: JK: ajp13 listening on /0.0.0.0:8009
mars 19, 2014 7:16:07 PM org.apache.jk.server.JkMain start
Infos: Jk running ID=0 time=0/41  config=null
mars 19, 2014 7:16:07 PM org.apache.catalina.startup.Catalina start
Infos: Server startup in 599 ms
mars 19, 2014 7:16:13 PM org.apache.coyote.http11.Http11Protocol pause
Infos: Suspension de Coyote HTTP/1.1 sur http-8080
mars 19, 2014 7:16:14 PM org.apache.catalina.core.StandardService stop
Infos: Arrêt du service Catalina
mars 19, 2014 7:16:14 PM org.apache.coyote.http11.Http11Protocol destroy
Infos: Arrêt de Coyote HTTP/1.1 sur http-8080
mars 19, 2014 7:16:15 PM org.apache.catalina.core.AprLifecycleListener init
Infos: The Apache Tomcat Native library which allows optimal performance in production environments was not found on the java.library.path: /usr/java/packages/lib/amd64:/usr/lib/x86_64-linux-gnu/jni:/lib/x86_64-linux-gnu:/usr/lib/x86_64-linux-gnu:/usr/lib/jni:/lib:/usr/lib
mars 19, 2014 7:16:15 PM org.apache.coyote.http11.Http11Protocol init
Infos: Initialisation de Coyote HTTP/1.1 sur http-8080
mars 19, 2014 7:16:15 PM org.apache.catalina.startup.Catalina load
Infos: Initialization processed in 660 ms
mars 19, 2014 7:16:15 PM org.apache.catalina.core.StandardService start
Infos: Démarrage du service Catalina
mars 19, 2014 7:16:15 PM org.apache.catalina.core.StandardEngine start
Infos: Starting Servlet Engine: Apache Tomcat/6.0.14
mars 19, 2014 7:16:15 PM org.apache.coyote.http11.Http11Protocol start
Infos: Démarrage de Coyote HTTP/1.1 sur http-8080
mars 19, 2014 7:16:15 PM org.apache.jk.common.ChannelSocket init
Infos: JK: ajp13 listening on /0.0.0.0:8009
mars 19, 2014 7:16:15 PM org.apache.jk.server.JkMain start
Infos: Jk running ID=0 time=0/34  config=null
mars 19, 2014 7:16:15 PM org.apache.catalina.startup.Catalina start
Infos: Server startup in 544 ms
mars 19, 2014 7:17:22 PM org.apache.coyote.http11.Http11Protocol pause
Infos: Suspension de Coyote HTTP/1.1 sur http-8080
mars 19, 2014 7:17:23 PM org.apache.catalina.core.StandardService stop
Infos: Arrêt du service Catalina
mars 19, 2014 7:17:23 PM org.apache.coyote.http11.Http11Protocol destroy
Infos: Arrêt de Coyote HTTP/1.1 sur http-8080
mars 19, 2014 7:17:25 PM org.apache.catalina.core.AprLifecycleListener init
Infos: The Apache Tomcat Native library which allows optimal performance in production environments was not found on the java.library.path: /usr/java/packages/lib/amd64:/usr/lib/x86_64-linux-gnu/jni:/lib/x86_64-linux-gnu:/usr/lib/x86_64-linux-gnu:/usr/lib/jni:/lib:/usr/lib
mars 19, 2014 7:17:25 PM org.apache.coyote.http11.Http11Protocol init
Infos: Initialisation de Coyote HTTP/1.1 sur http-8080
mars 19, 2014 7:17:25 PM org.apache.catalina.startup.Catalina load
Infos: Initialization processed in 607 ms
mars 19, 2014 7:17:25 PM org.apache.catalina.core.StandardService start
Infos: Démarrage du service Catalina
mars 19, 2014 7:17:25 PM org.apache.catalina.core.StandardEngine start
Infos: Starting Servlet Engine: Apache Tomcat/6.0.14
mars 19, 2014 7:17:25 PM org.apache.coyote.http11.Http11Protocol start
Infos: Démarrage de Coyote HTTP/1.1 sur http-8080
mars 19, 2014 7:17:26 PM org.apache.jk.common.ChannelSocket init
Infos: JK: ajp13 listening on /0.0.0.0:8009
mars 19, 2014 7:17:26 PM org.apache.jk.server.JkMain start
Infos: Jk running ID=0 time=0/35  config=null
mars 19, 2014 7:17:26 PM org.apache.catalina.startup.Catalina start
Infos: Server startup in 545 ms
mars 19, 2014 7:20:28 PM org.apache.coyote.http11.Http11Protocol pause
Infos: Suspension de Coyote HTTP/1.1 sur http-8080
mars 19, 2014 7:20:29 PM org.apache.catalina.core.StandardService stop
Infos: Arrêt du service Catalina
mars 19, 2014 7:20:29 PM org.apache.coyote.http11.Http11Protocol destroy
Infos: Arrêt de Coyote HTTP/1.1 sur http-8080
mars 19, 2014 7:20:30 PM org.apache.catalina.core.AprLifecycleListener init
Infos: The Apache Tomcat Native library which allows optimal performance in production environments was not found on the java.library.path: /usr/java/packages/lib/amd64:/usr/lib/x86_64-linux-gnu/jni:/lib/x86_64-linux-gnu:/usr/lib/x86_64-linux-gnu:/usr/lib/jni:/lib:/usr/lib
mars 19, 2014 7:20:30 PM org.apache.coyote.http11.Http11Protocol init
Infos: Initialisation de Coyote HTTP/1.1 sur http-8080
mars 19, 2014 7:20:30 PM org.apache.catalina.startup.Catalina load
Infos: Initialization processed in 663 ms
mars 19, 2014 7:20:30 PM org.apache.catalina.core.StandardService start
Infos: Démarrage du service Catalina
mars 19, 2014 7:20:30 PM org.apache.catalina.core.StandardEngine start
Infos: Starting Servlet Engine: Apache Tomcat/6.0.14
mars 19, 2014 7:20:31 PM org.apache.coyote.http11.Http11Protocol start
Infos: Démarrage de Coyote HTTP/1.1 sur http-8080
mars 19, 2014 7:20:31 PM org.apache.jk.common.ChannelSocket init
Infos: JK: ajp13 listening on /0.0.0.0:8009
mars 19, 2014 7:20:31 PM org.apache.jk.server.JkMain start
Infos: Jk running ID=0 time=0/32  config=null
mars 19, 2014 7:20:31 PM org.apache.catalina.startup.Catalina start
Infos: Server startup in 574 ms
mars 19, 2014 7:23:43 PM org.apache.coyote.http11.Http11Protocol pause
Infos: Suspension de Coyote HTTP/1.1 sur http-8080
mars 19, 2014 7:23:44 PM org.apache.catalina.core.StandardService stop
Infos: Arrêt du service Catalina
mars 19, 2014 7:23:44 PM org.apache.coyote.http11.Http11Protocol destroy
Infos: Arrêt de Coyote HTTP/1.1 sur http-8080
mars 19, 2014 7:23:45 PM org.apache.catalina.core.AprLifecycleListener init
Infos: The Apache Tomcat Native library which allows optimal performance in production environments was not found on the java.library.path: /usr/java/packages/lib/amd64:/usr/lib/x86_64-linux-gnu/jni:/lib/x86_64-linux-gnu:/usr/lib/x86_64-linux-gnu:/usr/lib/jni:/lib:/usr/lib
mars 19, 2014 7:23:45 PM org.apache.coyote.http11.Http11Protocol init
Infos: Initialisation de Coyote HTTP/1.1 sur http-8080
mars 19, 2014 7:23:45 PM org.apache.catalina.startup.Catalina load
Infos: Initialization processed in 559 ms
mars 19, 2014 7:23:45 PM org.apache.catalina.core.StandardService start
Infos: Démarrage du service Catalina
mars 19, 2014 7:23:45 PM org.apache.catalina.core.StandardEngine start
Infos: Starting Servlet Engine: Apache Tomcat/6.0.14
mars 19, 2014 7:23:45 PM org.apache.coyote.http11.Http11Protocol start
Infos: Démarrage de Coyote HTTP/1.1 sur http-8080
mars 19, 2014 7:23:45 PM org.apache.jk.common.ChannelSocket init
Infos: JK: ajp13 listening on /0.0.0.0:8009
mars 19, 2014 7:23:45 PM org.apache.jk.server.JkMain start
Infos: Jk running ID=0 time=0/37  config=null
mars 19, 2014 7:23:45 PM org.apache.catalina.startup.Catalina start
Infos: Server startup in 502 ms
mars 19, 2014 7:25:34 PM org.apache.coyote.http11.Http11Protocol pause
Infos: Suspension de Coyote HTTP/1.1 sur http-8080
mars 19, 2014 7:25:35 PM org.apache.catalina.core.StandardService stop
Infos: Arrêt du service Catalina
mars 19, 2014 7:25:36 PM org.apache.coyote.http11.Http11Protocol destroy
Infos: Arrêt de Coyote HTTP/1.1 sur http-8080
mars 19, 2014 7:25:36 PM org.apache.catalina.core.AprLifecycleListener init
Infos: The Apache Tomcat Native library which allows optimal performance in production environments was not found on the java.library.path: /usr/java/packages/lib/amd64:/usr/lib/x86_64-linux-gnu/jni:/lib/x86_64-linux-gnu:/usr/lib/x86_64-linux-gnu:/usr/lib/jni:/lib:/usr/lib
mars 19, 2014 7:25:36 PM org.apache.coyote.http11.Http11Protocol init
Infos: Initialisation de Coyote HTTP/1.1 sur http-8080
mars 19, 2014 7:25:36 PM org.apache.catalina.startup.Catalina load
Infos: Initialization processed in 677 ms
mars 19, 2014 7:25:36 PM org.apache.catalina.core.StandardService start
Infos: Démarrage du service Catalina
mars 19, 2014 7:25:36 PM org.apache.catalina.core.StandardEngine start
Infos: Starting Servlet Engine: Apache Tomcat/6.0.14
mars 19, 2014 7:25:36 PM org.apache.coyote.http11.Http11Protocol start
Infos: Démarrage de Coyote HTTP/1.1 sur http-8080
mars 19, 2014 7:25:37 PM org.apache.jk.common.ChannelSocket init
Infos: JK: ajp13 listening on /0.0.0.0:8009
mars 19, 2014 7:25:37 PM org.apache.jk.server.JkMain start
Infos: Jk running ID=0 time=0/50  config=null
mars 19, 2014 7:25:37 PM org.apache.catalina.startup.Catalina start
Infos: Server startup in 559 ms
mars 19, 2014 7:32:15 PM org.apache.coyote.http11.Http11Protocol pause
Infos: Suspension de Coyote HTTP/1.1 sur http-8080
mars 19, 2014 7:32:16 PM org.apache.catalina.core.StandardService stop
Infos: Arrêt du service Catalina
mars 19, 2014 7:32:16 PM org.apache.coyote.http11.Http11Protocol destroy
Infos: Arrêt de Coyote HTTP/1.1 sur http-8080
mars 19, 2014 7:38:52 PM org.apache.catalina.core.AprLifecycleListener init
Infos: The Apache Tomcat Native library which allows optimal performance in production environments was not found on the java.library.path: /usr/java/packages/lib/amd64:/usr/lib/x86_64-linux-gnu/jni:/lib/x86_64-linux-gnu:/usr/lib/x86_64-linux-gnu:/usr/lib/jni:/lib:/usr/lib
mars 19, 2014 7:38:52 PM org.apache.coyote.http11.Http11Protocol init
Infos: Initialisation de Coyote HTTP/1.1 sur http-8080
mars 19, 2014 7:38:52 PM org.apache.catalina.startup.Catalina load
Infos: Initialization processed in 554 ms
mars 19, 2014 7:38:52 PM org.apache.catalina.core.StandardService start
Infos: Démarrage du service Catalina
mars 19, 2014 7:38:52 PM org.apache.catalina.core.StandardEngine start
Infos: Starting Servlet Engine: Apache Tomcat/6.0.14
mars 19, 2014 7:38:53 PM org.apache.coyote.http11.Http11Protocol start
Infos: Démarrage de Coyote HTTP/1.1 sur http-8080
mars 19, 2014 7:38:53 PM org.apache.jk.common.ChannelSocket init
Infos: JK: ajp13 listening on /0.0.0.0:8009
mars 19, 2014 7:38:53 PM org.apache.jk.server.JkMain start
Infos: Jk running ID=0 time=0/38  config=null
mars 19, 2014 7:38:53 PM org.apache.catalina.startup.Catalina start
Infos: Server startup in 542 ms
mars 19, 2014 7:46:24 PM org.apache.coyote.http11.Http11Protocol pause
Infos: Suspension de Coyote HTTP/1.1 sur http-8080
mars 19, 2014 7:46:25 PM org.apache.catalina.core.StandardService stop
Infos: Arrêt du service Catalina
mars 19, 2014 7:46:25 PM org.apache.coyote.http11.Http11Protocol destroy
Infos: Arrêt de Coyote HTTP/1.1 sur http-8080
mars 19, 2014 7:46:34 PM org.apache.catalina.core.AprLifecycleListener init
Infos: The Apache Tomcat Native library which allows optimal performance in production environments was not found on the java.library.path: /usr/java/packages/lib/amd64:/usr/lib/x86_64-linux-gnu/jni:/lib/x86_64-linux-gnu:/usr/lib/x86_64-linux-gnu:/usr/lib/jni:/lib:/usr/lib
mars 19, 2014 7:46:34 PM org.apache.coyote.http11.Http11Protocol init
Infos: Initialisation de Coyote HTTP/1.1 sur http-8080
mars 19, 2014 7:46:34 PM org.apache.catalina.startup.Catalina load
Infos: Initialization processed in 561 ms
mars 19, 2014 7:46:34 PM org.apache.catalina.core.StandardService start
Infos: Démarrage du service Catalina
mars 19, 2014 7:46:34 PM org.apache.catalina.core.StandardEngine start
Infos: Starting Servlet Engine: Apache Tomcat/6.0.14
mars 19, 2014 7:46:34 PM org.apache.coyote.http11.Http11Protocol start
Infos: Démarrage de Coyote HTTP/1.1 sur http-8080
mars 19, 2014 7:46:35 PM org.apache.jk.common.ChannelSocket init
Infos: JK: ajp13 listening on /0.0.0.0:8009
mars 19, 2014 7:46:35 PM org.apache.jk.server.JkMain start
Infos: Jk running ID=0 time=0/36  config=null
mars 19, 2014 7:46:35 PM org.apache.catalina.startup.Catalina start
Infos: Server startup in 538 ms
mars 19, 2014 7:50:22 PM org.apache.coyote.http11.Http11Protocol pause
Infos: Suspension de Coyote HTTP/1.1 sur http-8080
mars 19, 2014 7:50:23 PM org.apache.catalina.core.StandardService stop
Infos: Arrêt du service Catalina
mars 19, 2014 7:50:23 PM org.apache.coyote.http11.Http11Protocol destroy
Infos: Arrêt de Coyote HTTP/1.1 sur http-8080
mars 19, 2014 7:50:31 PM org.apache.catalina.core.AprLifecycleListener init
Infos: The Apache Tomcat Native library which allows optimal performance in production environments was not found on the java.library.path: /usr/java/packages/lib/amd64:/usr/lib/x86_64-linux-gnu/jni:/lib/x86_64-linux-gnu:/usr/lib/x86_64-linux-gnu:/usr/lib/jni:/lib:/usr/lib
mars 19, 2014 7:50:31 PM org.apache.coyote.http11.Http11Protocol init
Infos: Initialisation de Coyote HTTP/1.1 sur http-8080
mars 19, 2014 7:50:31 PM org.apache.catalina.startup.Catalina load
Infos: Initialization processed in 563 ms
mars 19, 2014 7:50:31 PM org.apache.catalina.core.StandardService start
Infos: Démarrage du service Catalina
mars 19, 2014 7:50:31 PM org.apache.catalina.core.StandardEngine start
Infos: Starting Servlet Engine: Apache Tomcat/6.0.14
mars 19, 2014 7:50:32 PM org.apache.coyote.http11.Http11Protocol start
Infos: Démarrage de Coyote HTTP/1.1 sur http-8080
mars 19, 2014 7:50:32 PM org.apache.jk.common.ChannelSocket init
Infos: JK: ajp13 listening on /0.0.0.0:8009
mars 19, 2014 7:50:32 PM org.apache.jk.server.JkMain start
Infos: Jk running ID=0 time=0/33  config=null
mars 19, 2014 7:50:32 PM org.apache.catalina.startup.Catalina start
Infos: Server startup in 520 ms
mars 19, 2014 7:50:57 PM org.apache.catalina.core.AprLifecycleListener init
Infos: The Apache Tomcat Native library which allows optimal performance in production environments was not found on the java.library.path: /usr/java/packages/lib/amd64:/usr/lib/x86_64-linux-gnu/jni:/lib/x86_64-linux-gnu:/usr/lib/x86_64-linux-gnu:/usr/lib/jni:/lib:/usr/lib
mars 19, 2014 7:50:57 PM org.apache.coyote.http11.Http11Protocol init
Grave: Erreur à l'initialisation du point de contact
java.net.BindException: Adresse déjà utilisée:8080
	at org.apache.tomcat.util.net.JIoEndpoint.init(JIoEndpoint.java:501)
	at org.apache.coyote.http11.Http11Protocol.init(Http11Protocol.java:177)
	at org.apache.catalina.connector.Connector.initialize(Connector.java:1059)
	at org.apache.catalina.core.StandardService.initialize(StandardService.java:677)
	at org.apache.catalina.core.StandardServer.initialize(StandardServer.java:792)
	at org.apache.catalina.startup.Catalina.load(Catalina.java:518)
	at org.apache.catalina.startup.Catalina.load(Catalina.java:538)
	at sun.reflect.NativeMethodAccessorImpl.invoke0(Native Method)
	at sun.reflect.NativeMethodAccessorImpl.invoke(NativeMethodAccessorImpl.java:57)
	at sun.reflect.DelegatingMethodAccessorImpl.invoke(DelegatingMethodAccessorImpl.java:43)
	at java.lang.reflect.Method.invoke(Method.java:606)
	at org.apache.catalina.startup.Bootstrap.load(Bootstrap.java:260)
	at org.apache.catalina.startup.Bootstrap.main(Bootstrap.java:412)

mars 19, 2014 7:50:57 PM org.apache.catalina.startup.Catalina load
Grave: Catalina.start
LifecycleException:  L'initialisation du gestionnaire de protocole a échoué: java.net.BindException: Adresse déjà utilisée:8080
	at org.apache.catalina.connector.Connector.initialize(Connector.java:1061)
	at org.apache.catalina.core.StandardService.initialize(StandardService.java:677)
	at org.apache.catalina.core.StandardServer.initialize(StandardServer.java:792)
	at org.apache.catalina.startup.Catalina.load(Catalina.java:518)
	at org.apache.catalina.startup.Catalina.load(Catalina.java:538)
	at sun.reflect.NativeMethodAccessorImpl.invoke0(Native Method)
	at sun.reflect.NativeMethodAccessorImpl.invoke(NativeMethodAccessorImpl.java:57)
	at sun.reflect.DelegatingMethodAccessorImpl.invoke(DelegatingMethodAccessorImpl.java:43)
	at java.lang.reflect.Method.invoke(Method.java:606)
	at org.apache.catalina.startup.Bootstrap.load(Bootstrap.java:260)
	at org.apache.catalina.startup.Bootstrap.main(Bootstrap.java:412)

mars 19, 2014 7:50:57 PM org.apache.catalina.startup.Catalina load
Infos: Initialization processed in 586 ms
mars 19, 2014 7:50:57 PM org.apache.catalina.core.StandardService start
Infos: Démarrage du service Catalina
mars 19, 2014 7:50:57 PM org.apache.catalina.core.StandardEngine start
Infos: Starting Servlet Engine: Apache Tomcat/6.0.14
mars 19, 2014 7:50:58 PM org.apache.coyote.http11.Http11Protocol start
Grave: Erreur au démarrage du point de contact
java.net.BindException: Adresse déjà utilisée:8080
	at org.apache.tomcat.util.net.JIoEndpoint.init(JIoEndpoint.java:501)
	at org.apache.tomcat.util.net.JIoEndpoint.start(JIoEndpoint.java:515)
	at org.apache.coyote.http11.Http11Protocol.start(Http11Protocol.java:204)
	at org.apache.catalina.connector.Connector.start(Connector.java:1132)
	at org.apache.catalina.core.StandardService.start(StandardService.java:531)
	at org.apache.catalina.core.StandardServer.start(StandardServer.java:710)
	at org.apache.catalina.startup.Catalina.start(Catalina.java:566)
	at sun.reflect.NativeMethodAccessorImpl.invoke0(Native Method)
	at sun.reflect.NativeMethodAccessorImpl.invoke(NativeMethodAccessorImpl.java:57)
	at sun.reflect.DelegatingMethodAccessorImpl.invoke(DelegatingMethodAccessorImpl.java:43)
	at java.lang.reflect.Method.invoke(Method.java:606)
	at org.apache.catalina.startup.Bootstrap.start(Bootstrap.java:288)
	at org.apache.catalina.startup.Bootstrap.main(Bootstrap.java:413)

mars 19, 2014 7:50:58 PM org.apache.catalina.startup.Catalina start
Grave: Catalina.start: 
LifecycleException:  service.getName(): "Catalina";  Le démarrage du gestionnaire de protocole a échoué: java.net.BindException: Adresse déjà utilisée:8080
	at org.apache.catalina.connector.Connector.start(Connector.java:1139)
	at org.apache.catalina.core.StandardService.start(StandardService.java:531)
	at org.apache.catalina.core.StandardServer.start(StandardServer.java:710)
	at org.apache.catalina.startup.Catalina.start(Catalina.java:566)
	at sun.reflect.NativeMethodAccessorImpl.invoke0(Native Method)
	at sun.reflect.NativeMethodAccessorImpl.invoke(NativeMethodAccessorImpl.java:57)
	at sun.reflect.DelegatingMethodAccessorImpl.invoke(DelegatingMethodAccessorImpl.java:43)
	at java.lang.reflect.Method.invoke(Method.java:606)
	at org.apache.catalina.startup.Bootstrap.start(Bootstrap.java:288)
	at org.apache.catalina.startup.Bootstrap.main(Bootstrap.java:413)

mars 19, 2014 7:50:58 PM org.apache.catalina.startup.Catalina start
Infos: Server startup in 360 ms
mars 19, 2014 7:50:58 PM org.apache.catalina.core.StandardServer await
Grave: StandardServer.await: create[8005]: 
java.net.BindException: Adresse déjà utilisée
	at java.net.PlainSocketImpl.socketBind(Native Method)
	at java.net.AbstractPlainSocketImpl.bind(AbstractPlainSocketImpl.java:376)
	at java.net.ServerSocket.bind(ServerSocket.java:376)
	at java.net.ServerSocket.<init>(ServerSocket.java:237)
	at org.apache.catalina.core.StandardServer.await(StandardServer.java:373)
	at org.apache.catalina.startup.Catalina.await(Catalina.java:630)
	at org.apache.catalina.startup.Catalina.start(Catalina.java:590)
	at sun.reflect.NativeMethodAccessorImpl.invoke0(Native Method)
	at sun.reflect.NativeMethodAccessorImpl.invoke(NativeMethodAccessorImpl.java:57)
	at sun.reflect.DelegatingMethodAccessorImpl.invoke(DelegatingMethodAccessorImpl.java:43)
	at java.lang.reflect.Method.invoke(Method.java:606)
	at org.apache.catalina.startup.Bootstrap.start(Bootstrap.java:288)
	at org.apache.catalina.startup.Bootstrap.main(Bootstrap.java:413)

mars 19, 2014 7:50:58 PM org.apache.coyote.http11.Http11Protocol pause
Infos: Suspension de Coyote HTTP/1.1 sur http-8080
mars 19, 2014 7:50:58 PM org.apache.catalina.connector.Connector pause
Grave: La suspension du gestionnaire de protocole a échouée
java.lang.NullPointerException
	at org.apache.jk.server.JkMain.pause(JkMain.java:679)
	at org.apache.jk.server.JkCoyoteHandler.pause(JkCoyoteHandler.java:153)
	at org.apache.catalina.connector.Connector.pause(Connector.java:1074)
	at org.apache.catalina.core.StandardService.stop(StandardService.java:563)
	at org.apache.catalina.core.StandardServer.stop(StandardServer.java:744)
	at org.apache.catalina.startup.Catalina.stop(Catalina.java:616)
	at org.apache.catalina.startup.Catalina$CatalinaShutdownHook.run(Catalina.java:659)

mars 19, 2014 7:50:59 PM org.apache.catalina.core.StandardService stop
Infos: Arrêt du service Catalina
mars 19, 2014 7:50:59 PM org.apache.catalina.connector.MapperListener destroy
Avertissement: Error unregistering MBeanServerDelegate
java.lang.NullPointerException
	at org.apache.catalina.connector.MapperListener.destroy(MapperListener.java:162)
	at org.apache.catalina.connector.Connector.stop(Connector.java:1180)
	at org.apache.catalina.core.StandardService.stop(StandardService.java:593)
	at org.apache.catalina.core.StandardServer.stop(StandardServer.java:744)
	at org.apache.catalina.startup.Catalina.stop(Catalina.java:616)
	at org.apache.catalina.startup.Catalina$CatalinaShutdownHook.run(Catalina.java:659)

mars 19, 2014 7:50:59 PM org.apache.coyote.http11.Http11Protocol destroy
Infos: Arrêt de Coyote HTTP/1.1 sur http-8080
mars 19, 2014 7:50:59 PM org.apache.catalina.connector.Connector stop
Grave: Le connecteur Coyote n'a pas été démarré
mars 19, 2014 7:54:44 PM org.apache.coyote.http11.Http11Protocol pause
Infos: Suspension de Coyote HTTP/1.1 sur http-8080
mars 19, 2014 7:54:45 PM org.apache.catalina.core.StandardService stop
Infos: Arrêt du service Catalina
mars 19, 2014 7:54:45 PM org.apache.coyote.http11.Http11Protocol destroy
Infos: Arrêt de Coyote HTTP/1.1 sur http-8080
